<?xml version="1.0" encoding="UTF-8"?>
<!-- Generated by org.testng.reporters.JUnitReportReporter -->
<testsuite hostname="DESKTOP-ECA6PBO" failures="0" tests="2" name="javaPackage.TestNG6" time="0.014" errors="0" timestamp="2024-01-08T16:44:38 GMT" skipped="0">
  <testcase classname="javaPackage.TestNG6" name="z" time="0.013"/>
  <system-out/>
  <testcase classname="javaPackage.TestNG6" name="a" time="0.001"/>
  <system-out/>
</testsuite> <!-- javaPackage.TestNG6 -->
