<?xml version="1.0" encoding="UTF-8"?>
<!-- Generated by org.testng.reporters.JUnitReportReporter -->
<testsuite hostname="DESKTOP-ECA6PBO" failures="0" tests="10" name="javaPackage.TestNG4" time="0.015" errors="0" timestamp="2024-01-08T15:52:22 GMT" skipped="2">
  <testcase classname="javaPackage.TestNG4" name="a" time="0.007"/>
  <system-out/>
  <testcase classname="javaPackage.TestNG4" name="b" time="0.001"/>
  <system-out/>
  <testcase classname="javaPackage.TestNG4" name="d" time="0.001"/>
  <system-out/>
  <testcase classname="javaPackage.TestNG4" name="d" time="0.001"/>
  <system-out/>
  <testcase classname="javaPackage.TestNG4" name="f" time="0.001">
    <skipped/>
  </testcase> <!-- f -->
  <system-out/>
  <testcase classname="javaPackage.TestNG4" name="c" time="0.001"/>
  <system-out/>
  <testcase classname="javaPackage.TestNG4" name="d" time="0.001"/>
  <system-out/>
  <testcase classname="javaPackage.TestNG4" name="d" time="0.001"/>
  <system-out/>
  <testcase classname="javaPackage.TestNG4" name="d" time="0.001"/>
  <system-out/>
  <testcase classname="javaPackage.TestNG4" name="e">
    <skipped/>
  </testcase> <!-- e -->
  <system-out/>
</testsuite> <!-- javaPackage.TestNG4 -->
