<?xml version="1.0" encoding="UTF-8"?>
<!-- Generated by org.testng.reporters.JUnitReportReporter -->
<testsuite hostname="DESKTOP-ECA6PBO" failures="0" tests="1" name="seleniumPackage.Assertion3" time="0.011" errors="0" timestamp="2024-01-09T20:36:15 GMT" skipped="0">
  <testcase classname="seleniumPackage.Assertion3" name="testcase1" time="0.011"/>
  <system-out/>
</testsuite> <!-- seleniumPackage.Assertion3 -->
