<?xml version="1.0" encoding="UTF-8"?>
<!-- Generated by org.testng.reporters.JUnitReportReporter -->
<testsuite hostname="DESKTOP-ECA6PBO" failures="0" tests="2" name="seleniumPackage.TestNG1" time="0.014" errors="0" timestamp="2024-01-03T13:06:10 GMT" skipped="0">
  <testcase classname="seleniumPackage.TestNG1" name="j" time="0.002"/>
  <system-out/>
  <testcase classname="seleniumPackage.TestNG1" name="a" time="0.012"/>
  <system-out/>
</testsuite> <!-- seleniumPackage.TestNG1 -->
