<?xml version="1.0" encoding="UTF-8"?>
<!-- Generated by org.testng.reporters.JUnitReportReporter -->
<testsuite hostname="DESKTOP-ECA6PBO" failures="0" tests="1" name="javaPackage.TakeScreenshotOnFailure2" time="2.946" errors="0" timestamp="2024-01-09T13:24:37 GMT" skipped="0">
  <testcase classname="javaPackage.TakeScreenshotOnFailure2" name="doLogin" time="2.946"/>
  <system-out/>
</testsuite> <!-- javaPackage.TakeScreenshotOnFailure2 -->
