<?xml version="1.0" encoding="UTF-8"?>
<!-- Generated by org.testng.reporters.JUnitReportReporter -->
<testsuite hostname="DESKTOP-ECA6PBO" failures="0" tests="10" name="javaPackage.TestNG5" time="0.015" errors="0" timestamp="2024-01-08T16:28:08 GMT" skipped="4">
  <testcase classname="javaPackage.TestNG5" name="a" time="0.007"/>
  <system-out/>
  <testcase classname="javaPackage.TestNG5" name="d" time="0.001"/>
  <system-out/>
  <testcase classname="javaPackage.TestNG5" name="d" time="0.001"/>
  <system-out/>
  <testcase classname="javaPackage.TestNG5" name="f" time="0.001">
    <skipped/>
  </testcase> <!-- f -->
  <system-out/>
  <testcase classname="javaPackage.TestNG5" name="c" time="0.002"/>
  <system-out/>
  <testcase classname="javaPackage.TestNG5" name="b" time="0.002"/>
  <system-out/>
  <testcase classname="javaPackage.TestNG5" name="d" time="0.001"/>
  <system-out/>
  <testcase classname="javaPackage.TestNG5" name="e">
    <skipped/>
  </testcase> <!-- e -->
  <system-out/>
  <testcase classname="javaPackage.TestNG5" name="g">
    <skipped/>
  </testcase> <!-- g -->
  <system-out/>
  <testcase classname="javaPackage.TestNG5" name="h">
    <skipped/>
  </testcase> <!-- h -->
  <system-out/>
</testsuite> <!-- javaPackage.TestNG5 -->
