<?xml version="1.0" encoding="UTF-8"?>
<!-- Generated by org.testng.reporters.JUnitReportReporter -->
<testsuite hostname="DESKTOP-ECA6PBO" failures="0" tests="1" name="seleniumPackage.Assertion1" time="2.501" errors="0" timestamp="2024-01-10T07:52:35 GMT" skipped="0">
  <testcase classname="seleniumPackage.Assertion1" name="testcase1" time="2.501"/>
  <system-out/>
</testsuite> <!-- seleniumPackage.Assertion1 -->
